# JRE version: OpenJDK Runtime Environment Temurin-17.0.10+7 (17.0.10+7) (build 17.0.10+7)
# Java VM: OpenJDK 64-Bit Server VM Temurin-17.0.10+7 (17.0.10+7, mixed mode, tiered, compressed oops, compressed class ptrs, parallel gc, windows-amd64)
GC Precious Log:
 CPUs: 8 total, 8 available
 Memory: 7997M
 Large Page Support: Disabled
 NUMA Support: Disabled
 Compressed Oops: Enabled (32-bit)
 Alignments: Space 512K, Generation 512K, Heap 2M
 Heap Min Capacity: 100M
 Heap Initial Capacity: 100M
 Heap Max Capacity: 1G
 Pre-touch: Disabled
 Parallel Workers: 8
Heap:
 PSYoungGen      total 14848K, used 11336K [0x00000000eab00000, 0x00000000ebb00000, 0x0000000100000000)
  eden space 13824K, 76% used [0x00000000eab00000,0x00000000eb552df8,0x00000000eb880000)
  from space 1024K, 74% used [0x00000000eb900000,0x00000000eb9bf4c8,0x00000000eba00000)
  to   space 1024K, 0% used [0x00000000eba00000,0x00000000eba00000,0x00000000ebb00000)
 ParOldGen       total 68608K, used 54616K [0x00000000c0000000, 0x00000000c4300000, 0x00000000eab00000)
  object space 68608K, 79% used [0x00000000c0000000,0x00000000c35561d0,0x00000000c4300000)
 Metaspace       used 65363K, committed 66624K, reserved 1114112K
  class space    used 6886K, committed 7424K, reserved 1048576K
GC Heap History (20 events):
Event: 25.871 GC heap before
{Heap before GC invocations=47 (full 3):
 PSYoungGen      total 16896K, used 16618K [0x00000000eab00000, 0x00000000ebc80000, 0x0000000100000000)
  eden space 16384K, 99% used [0x00000000eab00000,0x00000000ebad8a50,0x00000000ebb00000)
  from space 512K, 76% used [0x00000000ebb80000,0x00000000ebbe2000,0x00000000ebc00000)
  to   space 512K, 0% used [0x00000000ebc00000,0x00000000ebc00000,0x00000000ebc80000)
 ParOldGen       total 68608K, used 48590K [0x00000000c0000000, 0x00000000c4300000, 0x00000000eab00000)
  object space 68608K, 70% used [0x00000000c0000000,0x00000000c2f73a98,0x00000000c4300000)
 Metaspace       used 63517K, committed 64768K, reserved 1114112K
  class space    used 6730K, committed 7296K, reserved 1048576K
}
Event: 25.872 GC heap after
{Heap after GC invocations=47 (full 3):
 PSYoungGen      total 15360K, used 495K [0x00000000eab00000, 0x00000000ec000000, 0x0000000100000000)
  eden space 14848K, 0% used [0x00000000eab00000,0x00000000eab00000,0x00000000eb980000)
  from space 512K, 96% used [0x00000000ebc00000,0x00000000ebc7be28,0x00000000ebc80000)
  to   space 2560K, 0% used [0x00000000eb980000,0x00000000eb980000,0x00000000ebc00000)
 ParOldGen       total 68608K, used 50021K [0x00000000c0000000, 0x00000000c4300000, 0x00000000eab00000)
  object space 68608K, 72% used [0x00000000c0000000,0x00000000c30d9628,0x00000000c4300000)
 Metaspace       used 63517K, committed 64768K, reserved 1114112K
  class space    used 6730K, committed 7296K, reserved 1048576K
}
Event: 27.345 GC heap before
{Heap before GC invocations=48 (full 3):
 PSYoungGen      total 15360K, used 15343K [0x00000000eab00000, 0x00000000ec000000, 0x0000000100000000)
  eden space 14848K, 100% used [0x00000000eab00000,0x00000000eb980000,0x00000000eb980000)
  from space 512K, 96% used [0x00000000ebc00000,0x00000000ebc7be28,0x00000000ebc80000)
  to   space 2560K, 0% used [0x00000000eb980000,0x00000000eb980000,0x00000000ebc00000)
 ParOldGen       total 68608K, used 50021K [0x00000000c0000000, 0x00000000c4300000, 0x00000000eab00000)
  object space 68608K, 72% used [0x00000000c0000000,0x00000000c30d9628,0x00000000c4300000)
 Metaspace       used 63546K, committed 64832K, reserved 1114112K
  class space    used 6730K, committed 7296K, reserved 1048576K
}
Event: 27.347 GC heap after
{Heap after GC invocations=48 (full 3):
 PSYoungGen      total 16384K, used 1082K [0x00000000eab00000, 0x00000000ebc80000, 0x0000000100000000)
  eden space 14848K, 0% used [0x00000000eab00000,0x00000000eab00000,0x00000000eb980000)
  from space 1536K, 70% used [0x00000000eb980000,0x00000000eba8e8d0,0x00000000ebb00000)
  to   space 1536K, 0% used [0x00000000ebb00000,0x00000000ebb00000,0x00000000ebc80000)
 ParOldGen       total 68608K, used 50525K [0x00000000c0000000, 0x00000000c4300000, 0x00000000eab00000)
  object space 68608K, 73% used [0x00000000c0000000,0x00000000c3157450,0x00000000c4300000)
 Metaspace       used 63546K, committed 64832K, reserved 1114112K
  class space    used 6730K, committed 7296K, reserved 1048576K
}
Event: 27.733 GC heap before
{Heap before GC invocations=49 (full 3):
 PSYoungGen      total 16384K, used 15930K [0x00000000eab00000, 0x00000000ebc80000, 0x0000000100000000)
  eden space 14848K, 100% used [0x00000000eab00000,0x00000000eb980000,0x00000000eb980000)
  from space 1536K, 70% used [0x00000000eb980000,0x00000000eba8e8d0,0x00000000ebb00000)
  to   space 1536K, 0% used [0x00000000ebb00000,0x00000000ebb00000,0x00000000ebc80000)
 ParOldGen       total 68608K, used 50525K [0x00000000c0000000, 0x00000000c4300000, 0x00000000eab00000)
  object space 68608K, 73% used [0x00000000c0000000,0x00000000c3157450,0x00000000c4300000)
 Metaspace       used 63551K, committed 64832K, reserved 1114112K
  class space    used 6730K, committed 7296K, reserved 1048576K
}
Event: 27.734 GC heap after
{Heap after GC invocations=49 (full 3):
 PSYoungGen      total 15872K, used 795K [0x00000000eab00000, 0x00000000ebc00000, 0x0000000100000000)
  eden space 14848K, 0% used [0x00000000eab00000,0x00000000eab00000,0x00000000eb980000)
  from space 1024K, 77% used [0x00000000ebb00000,0x00000000ebbc6d18,0x00000000ebc00000)
  to   space 1024K, 0% used [0x00000000eba00000,0x00000000eba00000,0x00000000ebb00000)
 ParOldGen       total 68608K, used 50549K [0x00000000c0000000, 0x00000000c4300000, 0x00000000eab00000)
  object space 68608K, 73% used [0x00000000c0000000,0x00000000c315d450,0x00000000c4300000)
 Metaspace       used 63551K, committed 64832K, reserved 1114112K
  class space    used 6730K, committed 7296K, reserved 1048576K
}
Event: 28.353 GC heap before
{Heap before GC invocations=50 (full 3):
 PSYoungGen      total 15872K, used 15643K [0x00000000eab00000, 0x00000000ebc00000, 0x0000000100000000)
  eden space 14848K, 100% used [0x00000000eab00000,0x00000000eb980000,0x00000000eb980000)
  from space 1024K, 77% used [0x00000000ebb00000,0x00000000ebbc6d18,0x00000000ebc00000)
  to   space 1024K, 0% used [0x00000000eba00000,0x00000000eba00000,0x00000000ebb00000)
 ParOldGen       total 68608K, used 50549K [0x00000000c0000000, 0x00000000c4300000, 0x00000000eab00000)
  object space 68608K, 73% used [0x00000000c0000000,0x00000000c315d450,0x00000000c4300000)
 Metaspace       used 65170K, committed 66432K, reserved 1114112K
  class space    used 6870K, committed 7424K, reserved 1048576K
}
Event: 28.353 GC heap after
{Heap after GC invocations=50 (full 3):
 PSYoungGen      total 15360K, used 448K [0x00000000eab00000, 0x00000000ebb80000, 0x0000000100000000)
  eden space 14848K, 0% used [0x00000000eab00000,0x00000000eab00000,0x00000000eb980000)
  from space 512K, 87% used [0x00000000eba00000,0x00000000eba70000,0x00000000eba80000)
  to   space 1024K, 0% used [0x00000000eba80000,0x00000000eba80000,0x00000000ebb80000)
 ParOldGen       total 68608K, used 50557K [0x00000000c0000000, 0x00000000c4300000, 0x00000000eab00000)
  object space 68608K, 73% used [0x00000000c0000000,0x00000000c315f450,0x00000000c4300000)
 Metaspace       used 65170K, committed 66432K, reserved 1114112K
  class space    used 6870K, committed 7424K, reserved 1048576K
}
Event: 28.376 GC heap before
{Heap before GC invocations=51 (full 3):
 PSYoungGen      total 15360K, used 15296K [0x00000000eab00000, 0x00000000ebb80000, 0x0000000100000000)
  eden space 14848K, 100% used [0x00000000eab00000,0x00000000eb980000,0x00000000eb980000)
  from space 512K, 87% used [0x00000000eba00000,0x00000000eba70000,0x00000000eba80000)
  to   space 1024K, 0% used [0x00000000eba80000,0x00000000eba80000,0x00000000ebb80000)
 ParOldGen       total 68608K, used 50557K [0x00000000c0000000, 0x00000000c4300000, 0x00000000eab00000)
  object space 68608K, 73% used [0x00000000c0000000,0x00000000c315f450,0x00000000c4300000)
 Metaspace       used 65173K, committed 66432K, reserved 1114112K
  class space    used 6870K, committed 7424K, reserved 1048576K
}
Event: 29.385 GC heap after
{Heap after GC invocations=51 (full 3):
 PSYoungGen      total 14848K, used 1024K [0x00000000eab00000, 0x00000000ebd80000, 0x0000000100000000)
  eden space 13824K, 0% used [0x00000000eab00000,0x00000000eab00000,0x00000000eb880000)
  from space 1024K, 100% used [0x00000000eba80000,0x00000000ebb80000,0x00000000ebb80000)
  to   space 2048K, 0% used [0x00000000eb880000,0x00000000eb880000,0x00000000eba80000)
 ParOldGen       total 68608K, used 51029K [0x00000000c0000000, 0x00000000c4300000, 0x00000000eab00000)
  object space 68608K, 74% used [0x00000000c0000000,0x00000000c31d5450,0x00000000c4300000)
 Metaspace       used 65173K, committed 66432K, reserved 1114112K
  class space    used 6870K, committed 7424K, reserved 1048576K
}
Event: 29.970 GC heap before
{Heap before GC invocations=52 (full 3):
 PSYoungGen      total 14848K, used 14848K [0x00000000eab00000, 0x00000000ebd80000, 0x0000000100000000)
  eden space 13824K, 100% used [0x00000000eab00000,0x00000000eb880000,0x00000000eb880000)
  from space 1024K, 100% used [0x00000000eba80000,0x00000000ebb80000,0x00000000ebb80000)
  to   space 2048K, 0% used [0x00000000eb880000,0x00000000eb880000,0x00000000eba80000)
 ParOldGen       total 68608K, used 51029K [0x00000000c0000000, 0x00000000c4300000, 0x00000000eab00000)
  object space 68608K, 74% used [0x00000000c0000000,0x00000000c31d5450,0x00000000c4300000)
 Metaspace       used 65241K, committed 66496K, reserved 1114112K
  class space    used 6879K, committed 7424K, reserved 1048576K
}
Event: 29.972 GC heap after
{Heap after GC invocations=52 (full 3):
 PSYoungGen      total 15872K, used 1698K [0x00000000eab00000, 0x00000000ebc80000, 0x0000000100000000)
  eden space 13824K, 0% used [0x00000000eab00000,0x00000000eab00000,0x00000000eb880000)
  from space 2048K, 82% used [0x00000000eb880000,0x00000000eba28a48,0x00000000eba80000)
  to   space 2048K, 0% used [0x00000000eba80000,0x00000000eba80000,0x00000000ebc80000)
 ParOldGen       total 68608K, used 52077K [0x00000000c0000000, 0x00000000c4300000, 0x00000000eab00000)
  object space 68608K, 75% used [0x00000000c0000000,0x00000000c32db450,0x00000000c4300000)
 Metaspace       used 65241K, committed 66496K, reserved 1114112K
  class space    used 6879K, committed 7424K, reserved 1048576K
}
Event: 30.132 GC heap before
{Heap before GC invocations=53 (full 3):
 PSYoungGen      total 15872K, used 15522K [0x00000000eab00000, 0x00000000ebc80000, 0x0000000100000000)
  eden space 13824K, 100% used [0x00000000eab00000,0x00000000eb880000,0x00000000eb880000)
  from space 2048K, 82% used [0x00000000eb880000,0x00000000eba28a48,0x00000000eba80000)
  to   space 2048K, 0% used [0x00000000eba80000,0x00000000eba80000,0x00000000ebc80000)
 ParOldGen       total 68608K, used 52077K [0x00000000c0000000, 0x00000000c4300000, 0x00000000eab00000)
  object space 68608K, 75% used [0x00000000c0000000,0x00000000c32db450,0x00000000c4300000)
 Metaspace       used 65241K, committed 66496K, reserved 1114112K
  class space    used 6879K, committed 7424K, reserved 1048576K
}
Event: 30.134 GC heap after
{Heap after GC invocations=53 (full 3):
 PSYoungGen      total 14336K, used 288K [0x00000000eab00000, 0x00000000ebb00000, 0x0000000100000000)
  eden space 13824K, 0% used [0x00000000eab00000,0x00000000eab00000,0x00000000eb880000)
  from space 512K, 56% used [0x00000000eba80000,0x00000000ebac8000,0x00000000ebb00000)
  to   space 1024K, 0% used [0x00000000eb900000,0x00000000eb900000,0x00000000eba00000)
 ParOldGen       total 68608K, used 53618K [0x00000000c0000000, 0x00000000c4300000, 0x00000000eab00000)
  object space 68608K, 78% used [0x00000000c0000000,0x00000000c345c9d8,0x00000000c4300000)
 Metaspace       used 65241K, committed 66496K, reserved 1114112K
  class space    used 6879K, committed 7424K, reserved 1048576K
}
Event: 30.237 GC heap before
{Heap before GC invocations=54 (full 3):
 PSYoungGen      total 14336K, used 14112K [0x00000000eab00000, 0x00000000ebb00000, 0x0000000100000000)
  eden space 13824K, 100% used [0x00000000eab00000,0x00000000eb880000,0x00000000eb880000)
  from space 512K, 56% used [0x00000000eba80000,0x00000000ebac8000,0x00000000ebb00000)
  to   space 1024K, 0% used [0x00000000eb900000,0x00000000eb900000,0x00000000eba00000)
 ParOldGen       total 68608K, used 53618K [0x00000000c0000000, 0x00000000c4300000, 0x00000000eab00000)
  object space 68608K, 78% used [0x00000000c0000000,0x00000000c345c9d8,0x00000000c4300000)
 Metaspace       used 65241K, committed 66496K, reserved 1114112K
  class space    used 6879K, committed 7424K, reserved 1048576K
}
Event: 30.238 GC heap after
{Heap after GC invocations=54 (full 3):
 PSYoungGen      total 14848K, used 416K [0x00000000eab00000, 0x00000000ebb00000, 0x0000000100000000)
  eden space 13824K, 0% used [0x00000000eab00000,0x00000000eab00000,0x00000000eb880000)
  from space 1024K, 40% used [0x00000000eb900000,0x00000000eb968000,0x00000000eba00000)
  to   space 512K, 0% used [0x00000000eba80000,0x00000000eba80000,0x00000000ebb00000)
 ParOldGen       total 68608K, used 53866K [0x00000000c0000000, 0x00000000c4300000, 0x00000000eab00000)
  object space 68608K, 78% used [0x00000000c0000000,0x00000000c349a9d8,0x00000000c4300000)
 Metaspace       used 65241K, committed 66496K, reserved 1114112K
  class space    used 6879K, committed 7424K, reserved 1048576K
}
Event: 30.450 GC heap before
{Heap before GC invocations=55 (full 3):
 PSYoungGen      total 14848K, used 14047K [0x00000000eab00000, 0x00000000ebb00000, 0x0000000100000000)
  eden space 13824K, 98% used [0x00000000eab00000,0x00000000eb84fd88,0x00000000eb880000)
  from space 1024K, 40% used [0x00000000eb900000,0x00000000eb968000,0x00000000eba00000)
  to   space 512K, 0% used [0x00000000eba80000,0x00000000eba80000,0x00000000ebb00000)
 ParOldGen       total 68608K, used 53866K [0x00000000c0000000, 0x00000000c4300000, 0x00000000eab00000)
  object space 68608K, 78% used [0x00000000c0000000,0x00000000c349a9d8,0x00000000c4300000)
 Metaspace       used 65314K, committed 66560K, reserved 1114112K
  class space    used 6882K, committed 7424K, reserved 1048576K
}
Event: 30.451 GC heap after
{Heap after GC invocations=55 (full 3):
 PSYoungGen      total 14336K, used 512K [0x00000000eab00000, 0x00000000ebb00000, 0x0000000100000000)
  eden space 13824K, 0% used [0x00000000eab00000,0x00000000eab00000,0x00000000eb880000)
  from space 512K, 100% used [0x00000000eba80000,0x00000000ebb00000,0x00000000ebb00000)
  to   space 1024K, 0% used [0x00000000eb900000,0x00000000eb900000,0x00000000eba00000)
 ParOldGen       total 68608K, used 54138K [0x00000000c0000000, 0x00000000c4300000, 0x00000000eab00000)
  object space 68608K, 78% used [0x00000000c0000000,0x00000000c34de9d8,0x00000000c4300000)
 Metaspace       used 65314K, committed 66560K, reserved 1114112K
  class space    used 6882K, committed 7424K, reserved 1048576K
}
Event: 30.608 GC heap before
{Heap before GC invocations=56 (full 3):
 PSYoungGen      total 14336K, used 14336K [0x00000000eab00000, 0x00000000ebb00000, 0x0000000100000000)
  eden space 13824K, 100% used [0x00000000eab00000,0x00000000eb880000,0x00000000eb880000)
  from space 512K, 100% used [0x00000000eba80000,0x00000000ebb00000,0x00000000ebb00000)
  to   space 1024K, 0% used [0x00000000eb900000,0x00000000eb900000,0x00000000eba00000)
 ParOldGen       total 68608K, used 54138K [0x00000000c0000000, 0x00000000c4300000, 0x00000000eab00000)
  object space 68608K, 78% used [0x00000000c0000000,0x00000000c34de9d8,0x00000000c4300000)
 Metaspace       used 65314K, committed 66560K, reserved 1114112K
  class space    used 6882K, committed 7424K, reserved 1048576K
}
Event: 30.610 GC heap after
{Heap after GC invocations=56 (full 3):
 PSYoungGen      total 14848K, used 765K [0x00000000eab00000, 0x00000000ebb00000, 0x0000000100000000)
  eden space 13824K, 0% used [0x00000000eab00000,0x00000000eab00000,0x00000000eb880000)
  from space 1024K, 74% used [0x00000000eb900000,0x00000000eb9bf4c8,0x00000000eba00000)
  to   space 1024K, 0% used [0x00000000eba00000,0x00000000eba00000,0x00000000ebb00000)
 ParOldGen       total 68608K, used 54616K [0x00000000c0000000, 0x00000000c4300000, 0x00000000eab00000)
  object space 68608K, 79% used [0x00000000c0000000,0x00000000c35561d0,0x00000000c4300000)
 Metaspace       used 65314K, committed 66560K, reserved 1114112K
  class space    used 6882K, committed 7424K, reserved 1048576K
}

