# JRE version: OpenJDK Runtime Environment Temurin-17.0.10+7 (17.0.10+7) (build 17.0.10+7)
# Java VM: OpenJDK 64-Bit Server VM Temurin-17.0.10+7 (17.0.10+7, mixed mode, emulated-client, tiered, compressed oops, compressed class ptrs, g1 gc, windows-amd64)
GC Precious Log:
 CPUs: 8 total, 8 available
 Memory: 7997M
 Large Page Support: Disabled
 NUMA Support: Disabled
 Compressed Oops: Enabled (32-bit)
 Heap Region Size: 1M
 Heap Min Capacity: 8M
 Heap Initial Capacity: 126M
 Heap Max Capacity: 1G
 Pre-touch: Disabled
 Parallel Workers: 8
 Concurrent Workers: 2
 Concurrent Refinement Workers: 8
 Periodic GC: Disabled
Heap:
 garbage-first heap   total 106496K, used 38430K [0x00000000c0000000, 0x0000000100000000)
  region size 1024K, 1 young (1024K), 0 survivors (0K)
 Metaspace       used 59762K, committed 60224K, reserved 1114112K
  class space    used 7469K, committed 7680K, reserved 1048576K
GC Heap History (20 events):
Event: 8379.177 GC heap before
{Heap before GC invocations=464 (full 420):
 garbage-first heap   total 106496K, used 38835K [0x00000000c0000000, 0x0000000100000000)
  region size 1024K, 1 young (1024K), 0 survivors (0K)
 Metaspace       used 59762K, committed 60224K, reserved 1114112K
  class space    used 7469K, committed 7680K, reserved 1048576K
}
Event: 8379.215 GC heap after
{Heap after GC invocations=465 (full 421):
 garbage-first heap   total 106496K, used 38834K [0x00000000c0000000, 0x0000000100000000)
  region size 1024K, 0 young (0K), 0 survivors (0K)
 Metaspace       used 59762K, committed 60224K, reserved 1114112K
  class space    used 7469K, committed 7680K, reserved 1048576K
}
Event: 8389.663 GC heap before
{Heap before GC invocations=465 (full 421):
 garbage-first heap   total 106496K, used 38834K [0x00000000c0000000, 0x0000000100000000)
  region size 1024K, 1 young (1024K), 0 survivors (0K)
 Metaspace       used 59762K, committed 60224K, reserved 1114112K
  class space    used 7469K, committed 7680K, reserved 1048576K
}
Event: 8389.700 GC heap after
{Heap after GC invocations=466 (full 422):
 garbage-first heap   total 106496K, used 38430K [0x00000000c0000000, 0x0000000100000000)
  region size 1024K, 0 young (0K), 0 survivors (0K)
 Metaspace       used 59762K, committed 60224K, reserved 1114112K
  class space    used 7469K, committed 7680K, reserved 1048576K
}
Event: 8400.196 GC heap before
{Heap before GC invocations=466 (full 422):
 garbage-first heap   total 106496K, used 38430K [0x00000000c0000000, 0x0000000100000000)
  region size 1024K, 1 young (1024K), 0 survivors (0K)
 Metaspace       used 59762K, committed 60224K, reserved 1114112K
  class space    used 7469K, committed 7680K, reserved 1048576K
}
Event: 8400.225 GC heap after
{Heap after GC invocations=467 (full 423):
 garbage-first heap   total 106496K, used 38430K [0x00000000c0000000, 0x0000000100000000)
  region size 1024K, 0 young (0K), 0 survivors (0K)
 Metaspace       used 59762K, committed 60224K, reserved 1114112K
  class space    used 7469K, committed 7680K, reserved 1048576K
}
Event: 8410.779 GC heap before
{Heap before GC invocations=467 (full 423):
 garbage-first heap   total 106496K, used 38430K [0x00000000c0000000, 0x0000000100000000)
  region size 1024K, 1 young (1024K), 0 survivors (0K)
 Metaspace       used 59762K, committed 60224K, reserved 1114112K
  class space    used 7469K, committed 7680K, reserved 1048576K
}
Event: 8410.837 GC heap after
{Heap after GC invocations=468 (full 424):
 garbage-first heap   total 106496K, used 38430K [0x00000000c0000000, 0x0000000100000000)
  region size 1024K, 0 young (0K), 0 survivors (0K)
 Metaspace       used 59762K, committed 60224K, reserved 1114112K
  class space    used 7469K, committed 7680K, reserved 1048576K
}
Event: 8421.301 GC heap before
{Heap before GC invocations=468 (full 424):
 garbage-first heap   total 106496K, used 38430K [0x00000000c0000000, 0x0000000100000000)
  region size 1024K, 1 young (1024K), 0 survivors (0K)
 Metaspace       used 59762K, committed 60224K, reserved 1114112K
  class space    used 7469K, committed 7680K, reserved 1048576K
}
Event: 8421.338 GC heap after
{Heap after GC invocations=469 (full 425):
 garbage-first heap   total 106496K, used 38430K [0x00000000c0000000, 0x0000000100000000)
  region size 1024K, 0 young (0K), 0 survivors (0K)
 Metaspace       used 59762K, committed 60224K, reserved 1114112K
  class space    used 7469K, committed 7680K, reserved 1048576K
}
Event: 8431.821 GC heap before
{Heap before GC invocations=469 (full 425):
 garbage-first heap   total 106496K, used 38430K [0x00000000c0000000, 0x0000000100000000)
  region size 1024K, 1 young (1024K), 0 survivors (0K)
 Metaspace       used 59762K, committed 60224K, reserved 1114112K
  class space    used 7469K, committed 7680K, reserved 1048576K
}
Event: 8431.855 GC heap after
{Heap after GC invocations=470 (full 426):
 garbage-first heap   total 106496K, used 38430K [0x00000000c0000000, 0x0000000100000000)
  region size 1024K, 0 young (0K), 0 survivors (0K)
 Metaspace       used 59762K, committed 60224K, reserved 1114112K
  class space    used 7469K, committed 7680K, reserved 1048576K
}
Event: 8442.282 GC heap before
{Heap before GC invocations=470 (full 426):
 garbage-first heap   total 106496K, used 38430K [0x00000000c0000000, 0x0000000100000000)
  region size 1024K, 1 young (1024K), 0 survivors (0K)
 Metaspace       used 59762K, committed 60224K, reserved 1114112K
  class space    used 7469K, committed 7680K, reserved 1048576K
}
Event: 8442.321 GC heap after
{Heap after GC invocations=471 (full 427):
 garbage-first heap   total 106496K, used 38430K [0x00000000c0000000, 0x0000000100000000)
  region size 1024K, 0 young (0K), 0 survivors (0K)
 Metaspace       used 59762K, committed 60224K, reserved 1114112K
  class space    used 7469K, committed 7680K, reserved 1048576K
}
Event: 8452.794 GC heap before
{Heap before GC invocations=471 (full 427):
 garbage-first heap   total 106496K, used 38430K [0x00000000c0000000, 0x0000000100000000)
  region size 1024K, 1 young (1024K), 0 survivors (0K)
 Metaspace       used 59762K, committed 60224K, reserved 1114112K
  class space    used 7469K, committed 7680K, reserved 1048576K
}
Event: 8452.838 GC heap after
{Heap after GC invocations=472 (full 428):
 garbage-first heap   total 106496K, used 38430K [0x00000000c0000000, 0x0000000100000000)
  region size 1024K, 0 young (0K), 0 survivors (0K)
 Metaspace       used 59762K, committed 60224K, reserved 1114112K
  class space    used 7469K, committed 7680K, reserved 1048576K
}
Event: 8463.241 GC heap before
{Heap before GC invocations=472 (full 428):
 garbage-first heap   total 106496K, used 38430K [0x00000000c0000000, 0x0000000100000000)
  region size 1024K, 1 young (1024K), 0 survivors (0K)
 Metaspace       used 59762K, committed 60224K, reserved 1114112K
  class space    used 7469K, committed 7680K, reserved 1048576K
}
Event: 8463.282 GC heap after
{Heap after GC invocations=473 (full 429):
 garbage-first heap   total 106496K, used 38430K [0x00000000c0000000, 0x0000000100000000)
  region size 1024K, 0 young (0K), 0 survivors (0K)
 Metaspace       used 59762K, committed 60224K, reserved 1114112K
  class space    used 7469K, committed 7680K, reserved 1048576K
}
Event: 8473.781 GC heap before
{Heap before GC invocations=473 (full 429):
 garbage-first heap   total 106496K, used 38430K [0x00000000c0000000, 0x0000000100000000)
  region size 1024K, 1 young (1024K), 0 survivors (0K)
 Metaspace       used 59762K, committed 60224K, reserved 1114112K
  class space    used 7469K, committed 7680K, reserved 1048576K
}
Event: 8473.810 GC heap after
{Heap after GC invocations=474 (full 430):
 garbage-first heap   total 106496K, used 38430K [0x00000000c0000000, 0x0000000100000000)
  region size 1024K, 0 young (0K), 0 survivors (0K)
 Metaspace       used 59762K, committed 60224K, reserved 1114112K
  class space    used 7469K, committed 7680K, reserved 1048576K
}

