# JRE version: OpenJDK Runtime Environment Temurin-17.0.10+7 (17.0.10+7) (build 17.0.10+7)
# Java VM: OpenJDK 64-Bit Server VM Temurin-17.0.10+7 (17.0.10+7, mixed mode, emulated-client, tiered, compressed oops, compressed class ptrs, g1 gc, windows-amd64)
GC Precious Log:
 CPUs: 8 total, 8 available
 Memory: 7997M
 Large Page Support: Disabled
 NUMA Support: Disabled
 Compressed Oops: Enabled (32-bit)
 Heap Region Size: 1M
 Heap Min Capacity: 8M
 Heap Initial Capacity: 126M
 Heap Max Capacity: 1G
 Pre-touch: Disabled
 Parallel Workers: 8
 Concurrent Workers: 2
 Concurrent Refinement Workers: 8
 Periodic GC: Disabled
Heap:
 garbage-first heap   total 133120K, used 39964K [0x00000000c0000000, 0x0000000100000000)
  region size 1024K, 1 young (1024K), 0 survivors (0K)
 Metaspace       used 60936K, committed 61696K, reserved 1114112K
  class space    used 7602K, committed 7872K, reserved 1048576K
GC Heap History (20 events):
Event: 1299.728 GC heap before
{Heap before GC invocations=119 (full 91):
 garbage-first heap   total 133120K, used 39964K [0x00000000c0000000, 0x0000000100000000)
  region size 1024K, 1 young (1024K), 0 survivors (0K)
 Metaspace       used 60936K, committed 61696K, reserved 1114112K
  class space    used 7602K, committed 7872K, reserved 1048576K
}
Event: 1299.758 GC heap after
{Heap after GC invocations=120 (full 92):
 garbage-first heap   total 133120K, used 39964K [0x00000000c0000000, 0x0000000100000000)
  region size 1024K, 0 young (0K), 0 survivors (0K)
 Metaspace       used 60936K, committed 61696K, reserved 1114112K
  class space    used 7602K, committed 7872K, reserved 1048576K
}
Event: 1310.286 GC heap before
{Heap before GC invocations=120 (full 92):
 garbage-first heap   total 133120K, used 39964K [0x00000000c0000000, 0x0000000100000000)
  region size 1024K, 1 young (1024K), 0 survivors (0K)
 Metaspace       used 60936K, committed 61696K, reserved 1114112K
  class space    used 7602K, committed 7872K, reserved 1048576K
}
Event: 1310.316 GC heap after
{Heap after GC invocations=121 (full 93):
 garbage-first heap   total 133120K, used 39964K [0x00000000c0000000, 0x0000000100000000)
  region size 1024K, 0 young (0K), 0 survivors (0K)
 Metaspace       used 60936K, committed 61696K, reserved 1114112K
  class space    used 7602K, committed 7872K, reserved 1048576K
}
Event: 1320.868 GC heap before
{Heap before GC invocations=121 (full 93):
 garbage-first heap   total 133120K, used 39964K [0x00000000c0000000, 0x0000000100000000)
  region size 1024K, 1 young (1024K), 0 survivors (0K)
 Metaspace       used 60936K, committed 61696K, reserved 1114112K
  class space    used 7602K, committed 7872K, reserved 1048576K
}
Event: 1320.901 GC heap after
{Heap after GC invocations=122 (full 94):
 garbage-first heap   total 133120K, used 39964K [0x00000000c0000000, 0x0000000100000000)
  region size 1024K, 0 young (0K), 0 survivors (0K)
 Metaspace       used 60936K, committed 61696K, reserved 1114112K
  class space    used 7602K, committed 7872K, reserved 1048576K
}
Event: 1331.513 GC heap before
{Heap before GC invocations=122 (full 94):
 garbage-first heap   total 133120K, used 39964K [0x00000000c0000000, 0x0000000100000000)
  region size 1024K, 1 young (1024K), 0 survivors (0K)
 Metaspace       used 60936K, committed 61696K, reserved 1114112K
  class space    used 7602K, committed 7872K, reserved 1048576K
}
Event: 1331.539 GC heap after
{Heap after GC invocations=123 (full 95):
 garbage-first heap   total 133120K, used 39964K [0x00000000c0000000, 0x0000000100000000)
  region size 1024K, 0 young (0K), 0 survivors (0K)
 Metaspace       used 60936K, committed 61696K, reserved 1114112K
  class space    used 7602K, committed 7872K, reserved 1048576K
}
Event: 1342.003 GC heap before
{Heap before GC invocations=123 (full 95):
 garbage-first heap   total 133120K, used 39964K [0x00000000c0000000, 0x0000000100000000)
  region size 1024K, 1 young (1024K), 0 survivors (0K)
 Metaspace       used 60936K, committed 61696K, reserved 1114112K
  class space    used 7602K, committed 7872K, reserved 1048576K
}
Event: 1342.033 GC heap after
{Heap after GC invocations=124 (full 96):
 garbage-first heap   total 133120K, used 39964K [0x00000000c0000000, 0x0000000100000000)
  region size 1024K, 0 young (0K), 0 survivors (0K)
 Metaspace       used 60936K, committed 61696K, reserved 1114112K
  class space    used 7602K, committed 7872K, reserved 1048576K
}
Event: 1352.575 GC heap before
{Heap before GC invocations=124 (full 96):
 garbage-first heap   total 133120K, used 39964K [0x00000000c0000000, 0x0000000100000000)
  region size 1024K, 1 young (1024K), 0 survivors (0K)
 Metaspace       used 60936K, committed 61696K, reserved 1114112K
  class space    used 7602K, committed 7872K, reserved 1048576K
}
Event: 1352.611 GC heap after
{Heap after GC invocations=125 (full 97):
 garbage-first heap   total 133120K, used 39964K [0x00000000c0000000, 0x0000000100000000)
  region size 1024K, 0 young (0K), 0 survivors (0K)
 Metaspace       used 60936K, committed 61696K, reserved 1114112K
  class space    used 7602K, committed 7872K, reserved 1048576K
}
Event: 1363.130 GC heap before
{Heap before GC invocations=125 (full 97):
 garbage-first heap   total 133120K, used 39964K [0x00000000c0000000, 0x0000000100000000)
  region size 1024K, 1 young (1024K), 0 survivors (0K)
 Metaspace       used 60936K, committed 61696K, reserved 1114112K
  class space    used 7602K, committed 7872K, reserved 1048576K
}
Event: 1363.163 GC heap after
{Heap after GC invocations=126 (full 98):
 garbage-first heap   total 133120K, used 39964K [0x00000000c0000000, 0x0000000100000000)
  region size 1024K, 0 young (0K), 0 survivors (0K)
 Metaspace       used 60936K, committed 61696K, reserved 1114112K
  class space    used 7602K, committed 7872K, reserved 1048576K
}
Event: 1373.684 GC heap before
{Heap before GC invocations=126 (full 98):
 garbage-first heap   total 133120K, used 39964K [0x00000000c0000000, 0x0000000100000000)
  region size 1024K, 1 young (1024K), 0 survivors (0K)
 Metaspace       used 60936K, committed 61696K, reserved 1114112K
  class space    used 7602K, committed 7872K, reserved 1048576K
}
Event: 1373.720 GC heap after
{Heap after GC invocations=127 (full 99):
 garbage-first heap   total 133120K, used 39964K [0x00000000c0000000, 0x0000000100000000)
  region size 1024K, 0 young (0K), 0 survivors (0K)
 Metaspace       used 60936K, committed 61696K, reserved 1114112K
  class space    used 7602K, committed 7872K, reserved 1048576K
}
Event: 1384.246 GC heap before
{Heap before GC invocations=127 (full 99):
 garbage-first heap   total 133120K, used 39964K [0x00000000c0000000, 0x0000000100000000)
  region size 1024K, 1 young (1024K), 0 survivors (0K)
 Metaspace       used 60936K, committed 61696K, reserved 1114112K
  class space    used 7602K, committed 7872K, reserved 1048576K
}
Event: 1384.283 GC heap after
{Heap after GC invocations=128 (full 100):
 garbage-first heap   total 133120K, used 39964K [0x00000000c0000000, 0x0000000100000000)
  region size 1024K, 0 young (0K), 0 survivors (0K)
 Metaspace       used 60936K, committed 61696K, reserved 1114112K
  class space    used 7602K, committed 7872K, reserved 1048576K
}
Event: 1394.684 GC heap before
{Heap before GC invocations=128 (full 100):
 garbage-first heap   total 133120K, used 39964K [0x00000000c0000000, 0x0000000100000000)
  region size 1024K, 1 young (1024K), 0 survivors (0K)
 Metaspace       used 60936K, committed 61696K, reserved 1114112K
  class space    used 7602K, committed 7872K, reserved 1048576K
}
Event: 1394.717 GC heap after
{Heap after GC invocations=129 (full 101):
 garbage-first heap   total 133120K, used 39964K [0x00000000c0000000, 0x0000000100000000)
  region size 1024K, 0 young (0K), 0 survivors (0K)
 Metaspace       used 60936K, committed 61696K, reserved 1114112K
  class space    used 7602K, committed 7872K, reserved 1048576K
}

