# JRE version: OpenJDK Runtime Environment Temurin-17.0.10+7 (17.0.10+7) (build 17.0.10+7)
# Java VM: OpenJDK 64-Bit Server VM Temurin-17.0.10+7 (17.0.10+7, mixed mode, emulated-client, tiered, compressed oops, compressed class ptrs, g1 gc, windows-amd64)
GC Precious Log:
 CPUs: 8 total, 8 available
 Memory: 7997M
 Large Page Support: Disabled
 NUMA Support: Disabled
 Compressed Oops: Enabled (32-bit)
 Heap Region Size: 1M
 Heap Min Capacity: 8M
 Heap Initial Capacity: 126M
 Heap Max Capacity: 1G
 Pre-touch: Disabled
 Parallel Workers: 8
 Concurrent Workers: 2
 Concurrent Refinement Workers: 8
 Periodic GC: Disabled
Heap:
 garbage-first heap   total 112640K, used 70226K [0x00000000c0000000, 0x0000000100000000)
  region size 1024K, 35 young (35840K), 7 survivors (7168K)
 Metaspace       used 62190K, committed 62592K, reserved 1114112K
  class space    used 7817K, committed 8000K, reserved 1048576K
GC Heap History (20 events):
Event: 2561.934 GC heap before
{Heap before GC invocations=250 (full 127):
 garbage-first heap   total 126976K, used 41315K [0x00000000c0000000, 0x0000000100000000)
  region size 1024K, 1 young (1024K), 0 survivors (0K)
 Metaspace       used 62199K, committed 62592K, reserved 1114112K
  class space    used 7819K, committed 8000K, reserved 1048576K
}
Event: 2561.987 GC heap after
{Heap after GC invocations=251 (full 128):
 garbage-first heap   total 126976K, used 41320K [0x00000000c0000000, 0x0000000100000000)
  region size 1024K, 0 young (0K), 0 survivors (0K)
 Metaspace       used 62167K, committed 62592K, reserved 1114112K
  class space    used 7811K, committed 8000K, reserved 1048576K
}
Event: 2588.637 GC heap before
{Heap before GC invocations=251 (full 128):
 garbage-first heap   total 126976K, used 97640K [0x00000000c0000000, 0x0000000100000000)
  region size 1024K, 55 young (56320K), 0 survivors (0K)
 Metaspace       used 62167K, committed 62592K, reserved 1114112K
  class space    used 7811K, committed 8000K, reserved 1048576K
}
Event: 2588.639 GC heap after
{Heap after GC invocations=252 (full 128):
 garbage-first heap   total 126976K, used 41797K [0x00000000c0000000, 0x0000000100000000)
  region size 1024K, 1 young (1024K), 1 survivors (1024K)
 Metaspace       used 62167K, committed 62592K, reserved 1114112K
  class space    used 7811K, committed 8000K, reserved 1048576K
}
Event: 2632.662 GC heap before
{Heap before GC invocations=252 (full 128):
 garbage-first heap   total 126976K, used 77637K [0x00000000c0000000, 0x0000000100000000)
  region size 1024K, 37 young (37888K), 1 survivors (1024K)
 Metaspace       used 62167K, committed 62592K, reserved 1114112K
  class space    used 7811K, committed 8000K, reserved 1048576K
}
Event: 2632.696 GC heap after
{Heap after GC invocations=253 (full 129):
 garbage-first heap   total 126976K, used 37900K [0x00000000c0000000, 0x0000000100000000)
  region size 1024K, 0 young (0K), 0 survivors (0K)
 Metaspace       used 62167K, committed 62592K, reserved 1114112K
  class space    used 7811K, committed 8000K, reserved 1048576K
}
Event: 2643.443 GC heap before
{Heap before GC invocations=253 (full 129):
 garbage-first heap   total 126976K, used 37900K [0x00000000c0000000, 0x0000000100000000)
  region size 1024K, 1 young (1024K), 0 survivors (0K)
 Metaspace       used 62167K, committed 62592K, reserved 1114112K
  class space    used 7811K, committed 8000K, reserved 1048576K
}
Event: 2643.499 GC heap after
{Heap after GC invocations=254 (full 130):
 garbage-first heap   total 116736K, used 32819K [0x00000000c0000000, 0x0000000100000000)
  region size 1024K, 0 young (0K), 0 survivors (0K)
 Metaspace       used 62167K, committed 62592K, reserved 1114112K
  class space    used 7811K, committed 8000K, reserved 1048576K
}
Event: 2654.155 GC heap before
{Heap before GC invocations=254 (full 130):
 garbage-first heap   total 116736K, used 32819K [0x00000000c0000000, 0x0000000100000000)
  region size 1024K, 1 young (1024K), 0 survivors (0K)
 Metaspace       used 62167K, committed 62592K, reserved 1114112K
  class space    used 7811K, committed 8000K, reserved 1048576K
}
Event: 2654.219 GC heap after
{Heap after GC invocations=255 (full 131):
 garbage-first heap   total 112640K, used 32800K [0x00000000c0000000, 0x0000000100000000)
  region size 1024K, 0 young (0K), 0 survivors (0K)
 Metaspace       used 62167K, committed 62592K, reserved 1114112K
  class space    used 7811K, committed 8000K, reserved 1048576K
}
Event: 2664.865 GC heap before
{Heap before GC invocations=255 (full 131):
 garbage-first heap   total 112640K, used 32800K [0x00000000c0000000, 0x0000000100000000)
  region size 1024K, 1 young (1024K), 0 survivors (0K)
 Metaspace       used 62167K, committed 62592K, reserved 1114112K
  class space    used 7811K, committed 8000K, reserved 1048576K
}
Event: 2664.912 GC heap after
{Heap after GC invocations=256 (full 132):
 garbage-first heap   total 112640K, used 32791K [0x00000000c0000000, 0x0000000100000000)
  region size 1024K, 0 young (0K), 0 survivors (0K)
 Metaspace       used 62167K, committed 62592K, reserved 1114112K
  class space    used 7811K, committed 8000K, reserved 1048576K
}
Event: 2675.616 GC heap before
{Heap before GC invocations=256 (full 132):
 garbage-first heap   total 112640K, used 32791K [0x00000000c0000000, 0x0000000100000000)
  region size 1024K, 1 young (1024K), 0 survivors (0K)
 Metaspace       used 62167K, committed 62592K, reserved 1114112K
  class space    used 7811K, committed 8000K, reserved 1048576K
}
Event: 2675.679 GC heap after
{Heap after GC invocations=257 (full 133):
 garbage-first heap   total 112640K, used 32791K [0x00000000c0000000, 0x0000000100000000)
  region size 1024K, 0 young (0K), 0 survivors (0K)
 Metaspace       used 62167K, committed 62592K, reserved 1114112K
  class space    used 7811K, committed 8000K, reserved 1048576K
}
Event: 2686.102 GC heap before
{Heap before GC invocations=257 (full 133):
 garbage-first heap   total 112640K, used 32791K [0x00000000c0000000, 0x0000000100000000)
  region size 1024K, 1 young (1024K), 0 survivors (0K)
 Metaspace       used 62167K, committed 62592K, reserved 1114112K
  class space    used 7811K, committed 8000K, reserved 1048576K
}
Event: 2686.141 GC heap after
{Heap after GC invocations=258 (full 134):
 garbage-first heap   total 112640K, used 32514K [0x00000000c0000000, 0x0000000100000000)
  region size 1024K, 0 young (0K), 0 survivors (0K)
 Metaspace       used 62167K, committed 62592K, reserved 1114112K
  class space    used 7811K, committed 8000K, reserved 1048576K
}
Event: 2688.257 GC heap before
{Heap before GC invocations=258 (full 134):
 garbage-first heap   total 112640K, used 33538K [0x00000000c0000000, 0x0000000100000000)
  region size 1024K, 2 young (2048K), 0 survivors (0K)
 Metaspace       used 62167K, committed 62592K, reserved 1114112K
  class space    used 7811K, committed 8000K, reserved 1048576K
}
Event: 2688.259 GC heap after
{Heap after GC invocations=259 (full 134):
 garbage-first heap   total 112640K, used 32762K [0x00000000c0000000, 0x0000000100000000)
  region size 1024K, 1 young (1024K), 1 survivors (1024K)
 Metaspace       used 62167K, committed 62592K, reserved 1114112K
  class space    used 7811K, committed 8000K, reserved 1048576K
}
Event: 2735.185 GC heap before
{Heap before GC invocations=260 (full 134):
 garbage-first heap   total 112640K, used 89082K [0x00000000c0000000, 0x0000000100000000)
  region size 1024K, 56 young (57344K), 1 survivors (1024K)
 Metaspace       used 62190K, committed 62592K, reserved 1114112K
  class space    used 7817K, committed 8000K, reserved 1048576K
}
Event: 2735.202 GC heap after
{Heap after GC invocations=261 (full 134):
 garbage-first heap   total 112640K, used 43602K [0x00000000c0000000, 0x0000000100000000)
  region size 1024K, 7 young (7168K), 7 survivors (7168K)
 Metaspace       used 62190K, committed 62592K, reserved 1114112K
  class space    used 7817K, committed 8000K, reserved 1048576K
}

