# JRE version: Java(TM) SE Runtime Environment (17.0.8+9) (build 17.0.8+9-LTS-211)
# Java VM: Java HotSpot(TM) 64-Bit Server VM (17.0.8+9-LTS-211, mixed mode, sharing, tiered, compressed oops, compressed class ptrs, g1 gc, windows-amd64)
GC Precious Log:
 CPUs: 8 total, 8 available
 Memory: 7997M
 Large Page Support: Disabled
 NUMA Support: Disabled
 Compressed Oops: Enabled (32-bit)
 Heap Region Size: 1M
 Heap Min Capacity: 8M
 Heap Initial Capacity: 126M
 Heap Max Capacity: 2000M
 Pre-touch: Disabled
 Parallel Workers: 8
 Concurrent Workers: 2
 Concurrent Refinement Workers: 8
 Periodic GC: Disabled
Heap:
 garbage-first heap   total 70656K, used 52804K [0x0000000083000000, 0x0000000100000000)
  region size 1024K, 19 young (19456K), 2 survivors (2048K)
 Metaspace       used 80966K, committed 81664K, reserved 1179648K
  class space    used 10850K, committed 11136K, reserved 1048576K
GC Heap History (20 events):
Event: 15.252 GC heap before
{Heap before GC invocations=30 (full 0):
 garbage-first heap   total 58368K, used 47853K [0x0000000083000000, 0x0000000100000000)
  region size 1024K, 19 young (19456K), 2 survivors (2048K)
 Metaspace       used 69614K, committed 70208K, reserved 1114112K
  class space    used 9434K, committed 9728K, reserved 1048576K
}
Event: 15.259 GC heap after
{Heap after GC invocations=31 (full 0):
 garbage-first heap   total 58368K, used 31477K [0x0000000083000000, 0x0000000100000000)
  region size 1024K, 3 young (3072K), 3 survivors (3072K)
 Metaspace       used 69614K, committed 70208K, reserved 1114112K
  class space    used 9434K, committed 9728K, reserved 1048576K
}
Event: 16.184 GC heap before
{Heap before GC invocations=32 (full 0):
 garbage-first heap   total 58368K, used 47861K [0x0000000083000000, 0x0000000100000000)
  region size 1024K, 19 young (19456K), 3 survivors (3072K)
 Metaspace       used 71277K, committed 71872K, reserved 1114112K
  class space    used 9679K, committed 9984K, reserved 1048576K
}
Event: 16.190 GC heap after
{Heap after GC invocations=33 (full 0):
 garbage-first heap   total 70656K, used 33197K [0x0000000083000000, 0x0000000100000000)
  region size 1024K, 3 young (3072K), 3 survivors (3072K)
 Metaspace       used 71277K, committed 71872K, reserved 1114112K
  class space    used 9679K, committed 9984K, reserved 1048576K
}
Event: 61.031 GC heap before
{Heap before GC invocations=33 (full 0):
 garbage-first heap   total 70656K, used 56749K [0x0000000083000000, 0x0000000100000000)
  region size 1024K, 27 young (27648K), 3 survivors (3072K)
 Metaspace       used 74267K, committed 74880K, reserved 1114112K
  class space    used 10077K, committed 10368K, reserved 1048576K
}
Event: 61.036 GC heap after
{Heap after GC invocations=34 (full 0):
 garbage-first heap   total 70656K, used 35009K [0x0000000083000000, 0x0000000100000000)
  region size 1024K, 4 young (4096K), 4 survivors (4096K)
 Metaspace       used 74267K, committed 74880K, reserved 1114112K
  class space    used 10077K, committed 10368K, reserved 1048576K
}
Event: 103.709 GC heap before
{Heap before GC invocations=34 (full 0):
 garbage-first heap   total 70656K, used 56513K [0x0000000083000000, 0x0000000100000000)
  region size 1024K, 26 young (26624K), 4 survivors (4096K)
 Metaspace       used 78930K, committed 79552K, reserved 1179648K
  class space    used 10722K, committed 11008K, reserved 1048576K
}
Event: 103.714 GC heap after
{Heap after GC invocations=35 (full 0):
 garbage-first heap   total 70656K, used 35896K [0x0000000083000000, 0x0000000100000000)
  region size 1024K, 3 young (3072K), 3 survivors (3072K)
 Metaspace       used 78930K, committed 79552K, reserved 1179648K
  class space    used 10722K, committed 11008K, reserved 1048576K
}
Event: 157.858 GC heap before
{Heap before GC invocations=35 (full 0):
 garbage-first heap   total 70656K, used 45112K [0x0000000083000000, 0x0000000100000000)
  region size 1024K, 13 young (13312K), 3 survivors (3072K)
 Metaspace       used 79356K, committed 79936K, reserved 1179648K
  class space    used 10783K, committed 11072K, reserved 1048576K
}
Event: 157.922 GC heap after
{Heap after GC invocations=36 (full 1):
 garbage-first heap   total 70656K, used 29953K [0x0000000083000000, 0x0000000100000000)
  region size 1024K, 0 young (0K), 0 survivors (0K)
 Metaspace       used 79356K, committed 79936K, reserved 1179648K
  class space    used 10783K, committed 11072K, reserved 1048576K
}
Event: 158.687 GC heap before
{Heap before GC invocations=36 (full 1):
 garbage-first heap   total 70656K, used 55553K [0x0000000083000000, 0x0000000100000000)
  region size 1024K, 25 young (25600K), 0 survivors (0K)
 Metaspace       used 79564K, committed 80192K, reserved 1179648K
  class space    used 10797K, committed 11072K, reserved 1048576K
}
Event: 158.690 GC heap after
{Heap after GC invocations=37 (full 1):
 garbage-first heap   total 70656K, used 32331K [0x0000000083000000, 0x0000000100000000)
  region size 1024K, 3 young (3072K), 3 survivors (3072K)
 Metaspace       used 79564K, committed 80192K, reserved 1179648K
  class space    used 10797K, committed 11072K, reserved 1048576K
}
Event: 159.337 GC heap before
{Heap before GC invocations=38 (full 1):
 garbage-first heap   total 70656K, used 53835K [0x0000000083000000, 0x0000000100000000)
  region size 1024K, 25 young (25600K), 3 survivors (3072K)
 Metaspace       used 79899K, committed 80512K, reserved 1179648K
  class space    used 10810K, committed 11072K, reserved 1048576K
}
Event: 159.341 GC heap after
{Heap after GC invocations=39 (full 1):
 garbage-first heap   total 70656K, used 33662K [0x0000000083000000, 0x0000000100000000)
  region size 1024K, 2 young (2048K), 2 survivors (2048K)
 Metaspace       used 79899K, committed 80512K, reserved 1179648K
  class space    used 10810K, committed 11072K, reserved 1048576K
}
Event: 161.611 GC heap before
{Heap before GC invocations=39 (full 1):
 garbage-first heap   total 70656K, used 54142K [0x0000000083000000, 0x0000000100000000)
  region size 1024K, 22 young (22528K), 2 survivors (2048K)
 Metaspace       used 80466K, committed 81152K, reserved 1179648K
  class space    used 10828K, committed 11136K, reserved 1048576K
}
Event: 161.614 GC heap after
{Heap after GC invocations=40 (full 1):
 garbage-first heap   total 70656K, used 35470K [0x0000000083000000, 0x0000000100000000)
  region size 1024K, 3 young (3072K), 3 survivors (3072K)
 Metaspace       used 80466K, committed 81152K, reserved 1179648K
  class space    used 10828K, committed 11136K, reserved 1048576K
}
Event: 162.016 GC heap before
{Heap before GC invocations=41 (full 1):
 garbage-first heap   total 70656K, used 54926K [0x0000000083000000, 0x0000000100000000)
  region size 1024K, 22 young (22528K), 3 survivors (3072K)
 Metaspace       used 80675K, committed 81344K, reserved 1179648K
  class space    used 10838K, committed 11136K, reserved 1048576K
}
Event: 162.019 GC heap after
{Heap after GC invocations=42 (full 1):
 garbage-first heap   total 70656K, used 36274K [0x0000000083000000, 0x0000000100000000)
  region size 1024K, 2 young (2048K), 2 survivors (2048K)
 Metaspace       used 80675K, committed 81344K, reserved 1179648K
  class space    used 10838K, committed 11136K, reserved 1048576K
}
Event: 162.182 GC heap before
{Heap before GC invocations=42 (full 1):
 garbage-first heap   total 70656K, used 54706K [0x0000000083000000, 0x0000000100000000)
  region size 1024K, 20 young (20480K), 2 survivors (2048K)
 Metaspace       used 80795K, committed 81408K, reserved 1179648K
  class space    used 10844K, committed 11136K, reserved 1048576K
}
Event: 162.185 GC heap after
{Heap after GC invocations=43 (full 1):
 garbage-first heap   total 70656K, used 36420K [0x0000000083000000, 0x0000000100000000)
  region size 1024K, 2 young (2048K), 2 survivors (2048K)
 Metaspace       used 80795K, committed 81408K, reserved 1179648K
  class space    used 10844K, committed 11136K, reserved 1048576K
}

