# JRE version: OpenJDK Runtime Environment Temurin-17.0.10+7 (17.0.10+7) (build 17.0.10+7)
# Java VM: OpenJDK 64-Bit Server VM Temurin-17.0.10+7 (17.0.10+7, mixed mode, tiered, compressed oops, compressed class ptrs, parallel gc, windows-amd64)
GC Precious Log:
 CPUs: 8 total, 8 available
 Memory: 7997M
 Large Page Support: Disabled
 NUMA Support: Disabled
 Compressed Oops: Enabled (32-bit)
 Alignments: Space 512K, Generation 512K, Heap 2M
 Heap Min Capacity: 100M
 Heap Initial Capacity: 100M
 Heap Max Capacity: 1G
 Pre-touch: Disabled
 Parallel Workers: 8
Heap:
 PSYoungGen      total 17408K, used 4803K [0x00000000eab00000, 0x00000000ebf80000, 0x0000000100000000)
  eden space 15360K, 20% used [0x00000000eab00000,0x00000000eae0b9a0,0x00000000eba00000)
  from space 2048K, 82% used [0x00000000ebd80000,0x00000000ebf254c8,0x00000000ebf80000)
  to   space 2048K, 0% used [0x00000000eba00000,0x00000000eba00000,0x00000000ebc00000)
 ParOldGen       total 68608K, used 40350K [0x00000000c0000000, 0x00000000c4300000, 0x00000000eab00000)
  object space 68608K, 58% used [0x00000000c0000000,0x00000000c27679a8,0x00000000c4300000)
 Metaspace       used 56539K, committed 57792K, reserved 1114112K
  class space    used 6075K, committed 6592K, reserved 1048576K
GC Heap History (20 events):
Event: 8.375 GC heap before
{Heap before GC invocations=20 (full 2):
 PSYoungGen      total 24064K, used 22752K [0x00000000eab00000, 0x00000000ec400000, 0x0000000100000000)
  eden space 22016K, 100% used [0x00000000eab00000,0x00000000ec080000,0x00000000ec080000)
  from space 2048K, 35% used [0x00000000ec080000,0x00000000ec138000,0x00000000ec280000)
  to   space 1536K, 0% used [0x00000000ec280000,0x00000000ec280000,0x00000000ec400000)
 ParOldGen       total 68608K, used 20310K [0x00000000c0000000, 0x00000000c4300000, 0x00000000eab00000)
  object space 68608K, 29% used [0x00000000c0000000,0x00000000c13d5b20,0x00000000c4300000)
 Metaspace       used 50289K, committed 51328K, reserved 1114112K
  class space    used 5402K, committed 5824K, reserved 1048576K
}
Event: 8.378 GC heap after
{Heap after GC invocations=20 (full 2):
 PSYoungGen      total 22528K, used 1535K [0x00000000eab00000, 0x00000000ec680000, 0x0000000100000000)
  eden space 20992K, 0% used [0x00000000eab00000,0x00000000eab00000,0x00000000ebf80000)
  from space 1536K, 99% used [0x00000000ec280000,0x00000000ec3ffc30,0x00000000ec400000)
  to   space 3072K, 0% used [0x00000000ebf80000,0x00000000ebf80000,0x00000000ec280000)
 ParOldGen       total 68608K, used 21113K [0x00000000c0000000, 0x00000000c4300000, 0x00000000eab00000)
  object space 68608K, 30% used [0x00000000c0000000,0x00000000c149e5f8,0x00000000c4300000)
 Metaspace       used 50289K, committed 51328K, reserved 1114112K
  class space    used 5402K, committed 5824K, reserved 1048576K
}
Event: 8.956 GC heap before
{Heap before GC invocations=21 (full 2):
 PSYoungGen      total 22528K, used 22527K [0x00000000eab00000, 0x00000000ec680000, 0x0000000100000000)
  eden space 20992K, 99% used [0x00000000eab00000,0x00000000ebf7fff8,0x00000000ebf80000)
  from space 1536K, 99% used [0x00000000ec280000,0x00000000ec3ffc30,0x00000000ec400000)
  to   space 3072K, 0% used [0x00000000ebf80000,0x00000000ebf80000,0x00000000ec280000)
 ParOldGen       total 68608K, used 21113K [0x00000000c0000000, 0x00000000c4300000, 0x00000000eab00000)
  object space 68608K, 30% used [0x00000000c0000000,0x00000000c149e5f8,0x00000000c4300000)
 Metaspace       used 52403K, committed 53504K, reserved 1114112K
  class space    used 5648K, committed 6144K, reserved 1048576K
}
Event: 8.958 GC heap after
{Heap after GC invocations=21 (full 2):
 PSYoungGen      total 23040K, used 1704K [0x00000000eab00000, 0x00000000ec380000, 0x0000000100000000)
  eden space 20992K, 0% used [0x00000000eab00000,0x00000000eab00000,0x00000000ebf80000)
  from space 2048K, 83% used [0x00000000ebf80000,0x00000000ec12a350,0x00000000ec180000)
  to   space 2048K, 0% used [0x00000000ec180000,0x00000000ec180000,0x00000000ec380000)
 ParOldGen       total 68608K, used 22443K [0x00000000c0000000, 0x00000000c4300000, 0x00000000eab00000)
  object space 68608K, 32% used [0x00000000c0000000,0x00000000c15eaf68,0x00000000c4300000)
 Metaspace       used 52403K, committed 53504K, reserved 1114112K
  class space    used 5648K, committed 6144K, reserved 1048576K
}
Event: 9.131 GC heap before
{Heap before GC invocations=22 (full 2):
 PSYoungGen      total 23040K, used 22696K [0x00000000eab00000, 0x00000000ec380000, 0x0000000100000000)
  eden space 20992K, 100% used [0x00000000eab00000,0x00000000ebf80000,0x00000000ebf80000)
  from space 2048K, 83% used [0x00000000ebf80000,0x00000000ec12a350,0x00000000ec180000)
  to   space 2048K, 0% used [0x00000000ec180000,0x00000000ec180000,0x00000000ec380000)
 ParOldGen       total 68608K, used 22443K [0x00000000c0000000, 0x00000000c4300000, 0x00000000eab00000)
  object space 68608K, 32% used [0x00000000c0000000,0x00000000c15eaf68,0x00000000c4300000)
 Metaspace       used 53087K, committed 54144K, reserved 1114112K
  class space    used 5721K, committed 6208K, reserved 1048576K
}
Event: 9.134 GC heap after
{Heap after GC invocations=22 (full 2):
 PSYoungGen      total 22528K, used 1200K [0x00000000eab00000, 0x00000000ec300000, 0x0000000100000000)
  eden space 20992K, 0% used [0x00000000eab00000,0x00000000eab00000,0x00000000ebf80000)
  from space 1536K, 78% used [0x00000000ec180000,0x00000000ec2ac010,0x00000000ec300000)
  to   space 1536K, 0% used [0x00000000ec000000,0x00000000ec000000,0x00000000ec180000)
 ParOldGen       total 68608K, used 24056K [0x00000000c0000000, 0x00000000c4300000, 0x00000000eab00000)
  object space 68608K, 35% used [0x00000000c0000000,0x00000000c177e048,0x00000000c4300000)
 Metaspace       used 53087K, committed 54144K, reserved 1114112K
  class space    used 5721K, committed 6208K, reserved 1048576K
}
Event: 9.342 GC heap before
{Heap before GC invocations=23 (full 2):
 PSYoungGen      total 22528K, used 22192K [0x00000000eab00000, 0x00000000ec300000, 0x0000000100000000)
  eden space 20992K, 100% used [0x00000000eab00000,0x00000000ebf80000,0x00000000ebf80000)
  from space 1536K, 78% used [0x00000000ec180000,0x00000000ec2ac010,0x00000000ec300000)
  to   space 1536K, 0% used [0x00000000ec000000,0x00000000ec000000,0x00000000ec180000)
 ParOldGen       total 68608K, used 24056K [0x00000000c0000000, 0x00000000c4300000, 0x00000000eab00000)
  object space 68608K, 35% used [0x00000000c0000000,0x00000000c177e048,0x00000000c4300000)
 Metaspace       used 53751K, committed 54976K, reserved 1114112K
  class space    used 5794K, committed 6336K, reserved 1048576K
}
Event: 9.345 GC heap after
{Heap after GC invocations=23 (full 2):
 PSYoungGen      total 22528K, used 1504K [0x00000000eab00000, 0x00000000ec680000, 0x0000000100000000)
  eden space 20992K, 0% used [0x00000000eab00000,0x00000000eab00000,0x00000000ebf80000)
  from space 1536K, 97% used [0x00000000ec000000,0x00000000ec178040,0x00000000ec180000)
  to   space 3584K, 0% used [0x00000000ec300000,0x00000000ec300000,0x00000000ec680000)
 ParOldGen       total 68608K, used 25458K [0x00000000c0000000, 0x00000000c4300000, 0x00000000eab00000)
  object space 68608K, 37% used [0x00000000c0000000,0x00000000c18dc9d8,0x00000000c4300000)
 Metaspace       used 53751K, committed 54976K, reserved 1114112K
  class space    used 5794K, committed 6336K, reserved 1048576K
}
Event: 9.452 GC heap before
{Heap before GC invocations=24 (full 2):
 PSYoungGen      total 22528K, used 22496K [0x00000000eab00000, 0x00000000ec680000, 0x0000000100000000)
  eden space 20992K, 100% used [0x00000000eab00000,0x00000000ebf80000,0x00000000ebf80000)
  from space 1536K, 97% used [0x00000000ec000000,0x00000000ec178040,0x00000000ec180000)
  to   space 3584K, 0% used [0x00000000ec300000,0x00000000ec300000,0x00000000ec680000)
 ParOldGen       total 68608K, used 25458K [0x00000000c0000000, 0x00000000c4300000, 0x00000000eab00000)
  object space 68608K, 37% used [0x00000000c0000000,0x00000000c18dc9d8,0x00000000c4300000)
 Metaspace       used 53949K, committed 55104K, reserved 1114112K
  class space    used 5812K, committed 6336K, reserved 1048576K
}
Event: 9.456 GC heap after
{Heap after GC invocations=24 (full 2):
 PSYoungGen      total 23040K, used 2016K [0x00000000eab00000, 0x00000000ec500000, 0x0000000100000000)
  eden space 20992K, 0% used [0x00000000eab00000,0x00000000eab00000,0x00000000ebf80000)
  from space 2048K, 98% used [0x00000000ec300000,0x00000000ec4f8000,0x00000000ec500000)
  to   space 2560K, 0% used [0x00000000ec000000,0x00000000ec000000,0x00000000ec280000)
 ParOldGen       total 68608K, used 27010K [0x00000000c0000000, 0x00000000c4300000, 0x00000000eab00000)
  object space 68608K, 39% used [0x00000000c0000000,0x00000000c1a60a28,0x00000000c4300000)
 Metaspace       used 53949K, committed 55104K, reserved 1114112K
  class space    used 5812K, committed 6336K, reserved 1048576K
}
Event: 9.539 GC heap before
{Heap before GC invocations=25 (full 2):
 PSYoungGen      total 23040K, used 23008K [0x00000000eab00000, 0x00000000ec500000, 0x0000000100000000)
  eden space 20992K, 100% used [0x00000000eab00000,0x00000000ebf80000,0x00000000ebf80000)
  from space 2048K, 98% used [0x00000000ec300000,0x00000000ec4f8000,0x00000000ec500000)
  to   space 2560K, 0% used [0x00000000ec000000,0x00000000ec000000,0x00000000ec280000)
 ParOldGen       total 68608K, used 27010K [0x00000000c0000000, 0x00000000c4300000, 0x00000000eab00000)
  object space 68608K, 39% used [0x00000000c0000000,0x00000000c1a60a28,0x00000000c4300000)
 Metaspace       used 54005K, committed 55168K, reserved 1114112K
  class space    used 5823K, committed 6336K, reserved 1048576K
}
Event: 9.545 GC heap after
{Heap after GC invocations=25 (full 2):
 PSYoungGen      total 23552K, used 2272K [0x00000000eab00000, 0x00000000ec480000, 0x0000000100000000)
  eden space 20992K, 0% used [0x00000000eab00000,0x00000000eab00000,0x00000000ebf80000)
  from space 2560K, 88% used [0x00000000ec000000,0x00000000ec238010,0x00000000ec280000)
  to   space 2048K, 0% used [0x00000000ec280000,0x00000000ec280000,0x00000000ec480000)
 ParOldGen       total 68608K, used 28946K [0x00000000c0000000, 0x00000000c4300000, 0x00000000eab00000)
  object space 68608K, 42% used [0x00000000c0000000,0x00000000c1c44a28,0x00000000c4300000)
 Metaspace       used 54005K, committed 55168K, reserved 1114112K
  class space    used 5823K, committed 6336K, reserved 1048576K
}
Event: 9.643 GC heap before
{Heap before GC invocations=26 (full 2):
 PSYoungGen      total 23552K, used 23264K [0x00000000eab00000, 0x00000000ec480000, 0x0000000100000000)
  eden space 20992K, 100% used [0x00000000eab00000,0x00000000ebf80000,0x00000000ebf80000)
  from space 2560K, 88% used [0x00000000ec000000,0x00000000ec238010,0x00000000ec280000)
  to   space 2048K, 0% used [0x00000000ec280000,0x00000000ec280000,0x00000000ec480000)
 ParOldGen       total 68608K, used 28946K [0x00000000c0000000, 0x00000000c4300000, 0x00000000eab00000)
  object space 68608K, 42% used [0x00000000c0000000,0x00000000c1c44a28,0x00000000c4300000)
 Metaspace       used 54014K, committed 55168K, reserved 1114112K
  class space    used 5823K, committed 6336K, reserved 1048576K
}
Event: 9.652 GC heap after
{Heap after GC invocations=26 (full 2):
 PSYoungGen      total 20992K, used 2048K [0x00000000eab00000, 0x00000000ec980000, 0x0000000100000000)
  eden space 18944K, 0% used [0x00000000eab00000,0x00000000eab00000,0x00000000ebd80000)
  from space 2048K, 100% used [0x00000000ec280000,0x00000000ec480000,0x00000000ec480000)
  to   space 5120K, 0% used [0x00000000ebd80000,0x00000000ebd80000,0x00000000ec280000)
 ParOldGen       total 68608K, used 31331K [0x00000000c0000000, 0x00000000c4300000, 0x00000000eab00000)
  object space 68608K, 45% used [0x00000000c0000000,0x00000000c1e98ca8,0x00000000c4300000)
 Metaspace       used 54014K, committed 55168K, reserved 1114112K
  class space    used 5823K, committed 6336K, reserved 1048576K
}
Event: 9.752 GC heap before
{Heap before GC invocations=27 (full 2):
 PSYoungGen      total 20992K, used 20992K [0x00000000eab00000, 0x00000000ec980000, 0x0000000100000000)
  eden space 18944K, 100% used [0x00000000eab00000,0x00000000ebd80000,0x00000000ebd80000)
  from space 2048K, 100% used [0x00000000ec280000,0x00000000ec480000,0x00000000ec480000)
  to   space 5120K, 0% used [0x00000000ebd80000,0x00000000ebd80000,0x00000000ec280000)
 ParOldGen       total 68608K, used 31331K [0x00000000c0000000, 0x00000000c4300000, 0x00000000eab00000)
  object space 68608K, 45% used [0x00000000c0000000,0x00000000c1e98ca8,0x00000000c4300000)
 Metaspace       used 54014K, committed 55168K, reserved 1114112K
  class space    used 5823K, committed 6336K, reserved 1048576K
}
Event: 9.759 GC heap after
{Heap after GC invocations=27 (full 2):
 PSYoungGen      total 21504K, used 2240K [0x00000000eab00000, 0x00000000ec380000, 0x0000000100000000)
  eden space 18944K, 0% used [0x00000000eab00000,0x00000000eab00000,0x00000000ebd80000)
  from space 2560K, 87% used [0x00000000ebd80000,0x00000000ebfb0010,0x00000000ec000000)
  to   space 3072K, 0% used [0x00000000ec080000,0x00000000ec080000,0x00000000ec380000)
 ParOldGen       total 68608K, used 33395K [0x00000000c0000000, 0x00000000c4300000, 0x00000000eab00000)
  object space 68608K, 48% used [0x00000000c0000000,0x00000000c209cca8,0x00000000c4300000)
 Metaspace       used 54014K, committed 55168K, reserved 1114112K
  class space    used 5823K, committed 6336K, reserved 1048576K
}
Event: 10.210 GC heap before
{Heap before GC invocations=28 (full 2):
 PSYoungGen      total 21504K, used 21184K [0x00000000eab00000, 0x00000000ec380000, 0x0000000100000000)
  eden space 18944K, 100% used [0x00000000eab00000,0x00000000ebd80000,0x00000000ebd80000)
  from space 2560K, 87% used [0x00000000ebd80000,0x00000000ebfb0010,0x00000000ec000000)
  to   space 3072K, 0% used [0x00000000ec080000,0x00000000ec080000,0x00000000ec380000)
 ParOldGen       total 68608K, used 33395K [0x00000000c0000000, 0x00000000c4300000, 0x00000000eab00000)
  object space 68608K, 48% used [0x00000000c0000000,0x00000000c209cca8,0x00000000c4300000)
 Metaspace       used 54970K, committed 56128K, reserved 1114112K
  class space    used 5914K, committed 6400K, reserved 1048576K
}
Event: 10.217 GC heap after
{Heap after GC invocations=28 (full 2):
 PSYoungGen      total 18432K, used 3051K [0x00000000eab00000, 0x00000000eca80000, 0x0000000100000000)
  eden space 15360K, 0% used [0x00000000eab00000,0x00000000eab00000,0x00000000eba00000)
  from space 3072K, 99% used [0x00000000ec080000,0x00000000ec37afd8,0x00000000ec380000)
  to   space 6656K, 0% used [0x00000000eba00000,0x00000000eba00000,0x00000000ec080000)
 ParOldGen       total 68608K, used 36203K [0x00000000c0000000, 0x00000000c4300000, 0x00000000eab00000)
  object space 68608K, 52% used [0x00000000c0000000,0x00000000c235acb8,0x00000000c4300000)
 Metaspace       used 54970K, committed 56128K, reserved 1114112K
  class space    used 5914K, committed 6400K, reserved 1048576K
}
Event: 10.670 GC heap before
{Heap before GC invocations=29 (full 2):
 PSYoungGen      total 18432K, used 18411K [0x00000000eab00000, 0x00000000eca80000, 0x0000000100000000)
  eden space 15360K, 100% used [0x00000000eab00000,0x00000000eba00000,0x00000000eba00000)
  from space 3072K, 99% used [0x00000000ec080000,0x00000000ec37afd8,0x00000000ec380000)
  to   space 6656K, 0% used [0x00000000eba00000,0x00000000eba00000,0x00000000ec080000)
 ParOldGen       total 68608K, used 36203K [0x00000000c0000000, 0x00000000c4300000, 0x00000000eab00000)
  object space 68608K, 52% used [0x00000000c0000000,0x00000000c235acb8,0x00000000c4300000)
 Metaspace       used 55786K, committed 56960K, reserved 1114112K
  class space    used 5993K, committed 6528K, reserved 1048576K
}
Event: 10.678 GC heap after
{Heap after GC invocations=29 (full 2):
 PSYoungGen      total 17408K, used 1568K [0x00000000eab00000, 0x00000000ec100000, 0x0000000100000000)
  eden space 15360K, 0% used [0x00000000eab00000,0x00000000eab00000,0x00000000eba00000)
  from space 2048K, 76% used [0x00000000eba00000,0x00000000ebb88020,0x00000000ebc00000)
  to   space 3584K, 0% used [0x00000000ebd80000,0x00000000ebd80000,0x00000000ec100000)
 ParOldGen       total 68608K, used 39194K [0x00000000c0000000, 0x00000000c4300000, 0x00000000eab00000)
  object space 68608K, 57% used [0x00000000c0000000,0x00000000c2646978,0x00000000c4300000)
 Metaspace       used 55786K, committed 56960K, reserved 1114112K
  class space    used 5993K, committed 6528K, reserved 1048576K
}

